<?xml version="1.0" encoding="UTF-8"?>
<!-- Generated by org.testng.reporters.JUnitReportReporter -->
<testsuite name="POM.ExtentReport" tests="1" time="6.489" ignored="0" failures="0" timestamp="08 Oct 2021 09:07:11 GMT" skipped="0" hostname="F515R72" errors="0">
  <testcase name="Title" time="6.489" classname="POM.ExtentReport"/>
</testsuite> <!-- POM.ExtentReport -->
